<?xml version="1.0" encoding="UTF-8"?>
<!-- Generated by org.testng.reporters.JUnitReportReporter -->
<testsuite hostname="ArunMotoori" failures="0" tests="1" name="tutorialsninja.register.TC_RF_026" time="5.196" errors="0" timestamp="2024-12-09T18:46:30 IST" skipped="0">
  <testcase classname="tutorialsninja.register.TC_RF_026" name="verifyUIOfRegisterAccountPage" time="5.196"/>
</testsuite> <!-- tutorialsninja.register.TC_RF_026 -->
