<?xml version="1.0" encoding="UTF-8"?>
<!-- Generated by org.testng.reporters.JUnitReportReporter -->
<testsuite hostname="ArunMotoori" failures="0" tests="1" name="tutorialsninja.register.TC_RF_010" time="21.365" errors="0" timestamp="2024-12-09T18:49:23 IST" skipped="0">
  <testcase classname="tutorialsninja.register.TC_RF_010" name="verifyRegisteringAccountWithInvalidEmails" time="21.365"/>
</testsuite> <!-- tutorialsninja.register.TC_RF_010 -->
