<?xml version="1.0" encoding="UTF-8"?>
<!-- Generated by org.testng.reporters.JUnitReportReporter -->
<testsuite hostname="ArunMotoori" failures="0" tests="1" name="tutorialsninja.register.TC_RF_009" time="7.108" errors="0" timestamp="2024-12-09T18:46:30 IST" skipped="0">
  <testcase classname="tutorialsninja.register.TC_RF_009" name="verifyRegistringAccountUsingExistingEmail" time="7.108"/>
</testsuite> <!-- tutorialsninja.register.TC_RF_009 -->
