<?xml version="1.0" encoding="UTF-8"?>
<!-- Generated by org.testng.reporters.JUnitReportReporter -->
<testsuite hostname="ArunMotoori" failures="0" tests="1" name="tutorialsninja.tests.Logout" time="14.453" errors="0" timestamp="2024-12-20T17:57:23 IST" skipped="0">
  <testcase classname="tutorialsninja.tests.Logout" name="verifyLoggingOutUsingMyAccountDropMenu" time="14.453"/>
</testsuite> <!-- tutorialsninja.tests.Logout -->
