<?xml version="1.0" encoding="UTF-8"?>
<!-- Generated by org.testng.reporters.JUnitReportReporter -->
<testsuite hostname="ArunMotoori" failures="0" tests="1" name="tutorialsninja.register.TC_RF_001" time="10.201" errors="0" timestamp="2024-12-10T17:33:51 IST" skipped="0">
  <testcase classname="tutorialsninja.register.TC_RF_001" name="verifyRegisteringWithMandatoryFields" time="10.201"/>
</testsuite> <!-- tutorialsninja.register.TC_RF_001 -->
